
> api@1.0.0 lint
> npm run lint:prettier && npm run lint:eslint


> api@1.0.0 lint:prettier
> npx prettier --cache --write './**/*/*.{js,jsx,ts,tsx}'

app/Exceptions/Handler.ts 1ms (cached)
commands/index.ts 0ms (cached)
config/app.ts 0ms (cached)
config/bodyparser.ts 1ms (cached)
config/cors.ts 0ms (cached)
config/drive.ts 0ms (cached)
config/hash.ts 0ms (cached)
contracts/drive.ts 0ms (cached)
contracts/env.ts 0ms (cached)
contracts/events.ts 0ms (cached)
contracts/hash.ts 0ms (cached)
contracts/tests.ts 0ms (cached)
providers/AppProvider.ts 0ms (cached)
start/kernel.ts 1ms (cached)
start/routes.ts 0ms (cached)
tests/bootstrap.ts 0ms (cached)
tests/functional/hello_world.spec.ts 0ms (cached)

> api@1.0.0 lint:eslint
> npx eslint --cache --quiet './**/*/*.{js,jsx,ts,tsx}'

